#
# There is insufficient memory for the Java Runtime Environment to continue.
# Native memory allocation (malloc) failed to allocate 765056 bytes for Chunk::new
# Possible reasons:
#   The system is out of physical RAM or swap space
#   The process is running with CompressedOops enabled, and the Java Heap may be blocking the growth of the native heap
# Possible solutions:
#   Reduce memory load on the system
#   Increase physical memory or swap space
#   Check if swap backing store is full
#   Decrease Java heap size (-Xmx/-Xms)
#   Decrease number of Java threads
#   Decrease Java thread stack sizes (-Xss)
#   Set larger code cache with -XX:ReservedCodeCacheSize=
#   JVM is running with Unscaled Compressed Oops mode in which the Java heap is
#     placed in the first 4GB address space. The Java Heap base address is the
#     maximum limit for the native heap growth. Please use -XX:HeapBaseMinAddress
#     to set the Java Heap base and to place the Java Heap above 4GB virtual address.
# This output file may be truncated or incomplete.
#
#  Out of Memory Error (allocation.cpp:389), pid=18424, tid=0x00000000000052a8
#
# JRE version: Java(TM) SE Runtime Environment (8.0_251-b08) (build 1.8.0_251-b08)
# Java VM: Java HotSpot(TM) 64-Bit Server VM (25.251-b08 mixed mode windows-amd64 compressed oops)
# Failed to write core dump. Minidumps are not enabled by default on client versions of Windows
#

---------------  T H R E A D  ---------------

Current thread (0x000000001597c800):  JavaThread "C2 CompilerThread1" daemon [_thread_in_native, id=21160, stack(0x0000000017000000,0x0000000017100000)]

Stack: [0x0000000017000000,0x0000000017100000]
[error occurred during error reporting (printing stack bounds), id 0xc0000005]

Native frames: (J=compiled Java code, j=interpreted, Vv=VM code, C=native code)


Current CompileTask:
C2:   3866 2080   !   4       java.net.URL::<init> (543 bytes)


---------------  P R O C E S S  ---------------

Java Threads: ( => current thread )
  0x0000000017746000 JavaThread "File watcher consumer" daemon [_thread_blocked, id=7388, stack(0x000000001dac0000,0x000000001dbc0000)]
  0x0000000017745800 JavaThread "File watcher server" daemon [_thread_in_native, id=10508, stack(0x000000001d9c0000,0x000000001dac0000)]
  0x0000000017744800 JavaThread "Cache worker for file hash cache (C:\Users\USER\.gradle\caches\8.2.1\fileHashes)" [_thread_blocked, id=11424, stack(0x000000001d4c0000,0x000000001d5c0000)]
  0x0000000017742800 JavaThread "File lock request listener" [_thread_in_native, id=876, stack(0x000000001b420000,0x000000001b520000)]
  0x0000000017747800 JavaThread "Cache worker for journal cache (C:\Users\USER\.gradle\caches\journal-1)" [_thread_blocked, id=25764, stack(0x000000001b320000,0x000000001b420000)]
  0x0000000019495000 JavaThread "Daemon client event forwarder" [_thread_blocked, id=14560, stack(0x000000001ae20000,0x000000001af20000)]
  0x0000000019471800 JavaThread "Stdin handler" [_thread_blocked, id=7116, stack(0x000000001ad20000,0x000000001ae20000)]
  0x0000000019470000 JavaThread "Asynchronous log dispatcher for DefaultDaemonConnection: socket connection from /127.0.0.1:50759 to /127.0.0.1:50760" [_thread_blocked, id=24204, stack(0x000000001ac20000,0x000000001ad20000)]
  0x000000001946e800 JavaThread "Daemon worker" [_thread_in_native, id=12936, stack(0x000000001ab20000,0x000000001ac20000)]
  0x000000001946d800 JavaThread "Cancel handler" [_thread_blocked, id=14184, stack(0x000000001aa20000,0x000000001ab20000)]
  0x00000000193c3800 JavaThread "Handler for socket connection from /127.0.0.1:50759 to /127.0.0.1:50760" [_thread_in_native, id=6408, stack(0x000000001a920000,0x000000001aa20000)]
  0x00000000193c2800 JavaThread "Daemon" [_thread_blocked, id=10244, stack(0x000000001a820000,0x000000001a920000)]
  0x00000000193d7800 JavaThread "Daemon periodic checks" [_thread_blocked, id=21916, stack(0x000000001a720000,0x000000001a820000)]
  0x000000001936f000 JavaThread "Incoming local TCP Connector on port 50759" [_thread_in_native, id=10964, stack(0x000000001a2e0000,0x000000001a3e0000)]
  0x0000000019343800 JavaThread "Daemon health stats" [_thread_blocked, id=22316, stack(0x0000000019ea0000,0x0000000019fa0000)]
  0x0000000015a1c000 JavaThread "Service Thread" daemon [_thread_blocked, id=17528, stack(0x0000000017300000,0x0000000017400000)]
  0x0000000015980000 JavaThread "C1 CompilerThread3" daemon [_thread_blocked, id=5108, stack(0x0000000017200000,0x0000000017300000)]
  0x000000001597f800 JavaThread "C2 CompilerThread2" daemon [_thread_blocked, id=2732, stack(0x0000000017100000,0x0000000017200000)]
=>0x000000001597c800 JavaThread "C2 CompilerThread1" daemon [_thread_in_native, id=21160, stack(0x0000000017000000,0x0000000017100000)]
  0x0000000015979000 JavaThread "C2 CompilerThread0" daemon [_thread_blocked, id=24572, stack(0x0000000016f00000,0x0000000017000000)]
  0x00000000158ad800 JavaThread "Attach Listener" daemon [_thread_blocked, id=26212, stack(0x0000000016e00000,0x0000000016f00000)]
  0x00000000158ac000 JavaThread "Signal Dispatcher" daemon [_thread_blocked, id=17564, stack(0x0000000016d00000,0x0000000016e00000)]
  0x000000000276a800 JavaThread "Finalizer" daemon [_thread_blocked, id=19976, stack(0x0000000016b00000,0x0000000016c00000)]
  0x00000000158a3000 JavaThread "Reference Handler" daemon [_thread_blocked, id=20268, stack(0x0000000016a00000,0x0000000016b00000)]
  0x0000000002672800 JavaThread "main" [_thread_blocked, id=16380, stack(0x0000000002440000,0x0000000002540000)]

Other Threads:
  0x0000000015882800 VMThread [stack: 0x0000000016900000,0x0000000016a00000] [id=15996]
  0x0000000015a46800 WatcherThread [stack: 0x0000000017400000,0x0000000017500000] [id=13508]

VM state:not at safepoint (normal execution)

VM Mutex/Monitor currently owned by a thread: None

heap address: 0x00000000e0000000, size: 512 MB, Compressed Oops mode: 32-bit
Narrow klass base: 0x0000000000000000, Narrow klass shift: 3
Compressed class space size: 1073741824 Address: 0x0000000100000000

Heap:
 PSYoungGen      total 76288K, used 31256K [0x00000000f5580000, 0x00000000fea80000, 0x0000000100000000)
  eden space 65536K, 47% used [0x00000000f5580000,0x00000000f7406120,0x00000000f9580000)
  from space 10752K, 0% used [0x00000000fa000000,0x00000000fa000000,0x00000000faa80000)
  to   space 10752K, 0% used [0x00000000f9580000,0x00000000f9580000,0x00000000fa000000)
 ParOldGen       total 175104K, used 10050K [0x00000000e0000000, 0x00000000eab00000, 0x00000000f5580000)
  object space 175104K, 5% used [0x00000000e0000000,0x00000000e09d0880,0x00000000eab00000)
 Metaspace       used 22700K, capacity 23748K, committed 23936K, reserved 1069056K
  class space    used 3368K, capacity 3606K, committed 3712K, reserved 1048576K

Card table byte_map: [0x0000000011b30000,0x0000000011c40000] byte_map_base: 0x0000000011430000

Marking Bits: (ParMarkBitMap*) 0x000000005cb9af90
 Begin Bits: [0x00000000126f0000, 0x0000000012ef0000)
 End Bits:   [0x0000000012ef0000, 0x00000000136f0000)

Polling page: 0x0000000000a30000

CodeCache: size=245760Kb used=7371Kb max_used=7371Kb free=238388Kb
 bounds [0x0000000002770000, 0x0000000002eb0000, 0x0000000011770000]
 total_blobs=2549 nmethods=2093 adapters=369
 compilation: enabled

Compilation events (10 events):
Event: 3.839 Thread 0x0000000015980000 2089   !   3       java.lang.invoke.MethodHandleNatives::linkMethodHandleConstant (154 bytes)
Event: 3.840 Thread 0x0000000015980000 nmethod 2089 0x0000000002e9de10 code [0x0000000002e9e080, 0x0000000002e9ed08]
Event: 3.840 Thread 0x0000000015980000 2090       3       java.lang.invoke.MethodHandles$Lookup::linkMethodHandleConstant (185 bytes)
Event: 3.841 Thread 0x0000000015980000 nmethod 2090 0x0000000002e9f390 code [0x0000000002e9f640, 0x0000000002ea0ad8]
Event: 3.849 Thread 0x0000000015980000 2091       3       java.lang.invoke.MethodHandles$Lookup::getDirectMethodCommon (271 bytes)
Event: 3.850 Thread 0x0000000015980000 nmethod 2091 0x0000000002ea10d0 code [0x0000000002ea13e0, 0x0000000002ea2e58]
Event: 3.850 Thread 0x0000000015980000 2092       3       java.lang.invoke.MethodHandles$Lookup::checkMethod (83 bytes)
Event: 3.850 Thread 0x0000000015980000 nmethod 2092 0x0000000002ea3750 code [0x0000000002ea3920, 0x0000000002ea4358]
Event: 3.850 Thread 0x0000000015980000 2093       3       java.lang.invoke.MethodHandles$Lookup::maybeBindCaller (44 bytes)
Event: 3.850 Thread 0x0000000015980000 nmethod 2093 0x0000000002ea46d0 code [0x0000000002ea48a0, 0x0000000002ea5218]

GC Heap History (10 events):
Event: 1.232 GC heap before
{Heap before GC invocations=1 (full 0):
 PSYoungGen      total 76288K, used 65536K [0x00000000f5580000, 0x00000000faa80000, 0x0000000100000000)
  eden space 65536K, 100% used [0x00000000f5580000,0x00000000f9580000,0x00000000f9580000)
  from space 10752K, 0% used [0x00000000fa000000,0x00000000fa000000,0x00000000faa80000)
  to   space 10752K, 0% used [0x00000000f9580000,0x00000000f9580000,0x00000000fa000000)
 ParOldGen       total 175104K, used 0K [0x00000000e0000000, 0x00000000eab00000, 0x00000000f5580000)
  object space 175104K, 0% used [0x00000000e0000000,0x00000000e0000000,0x00000000eab00000)
 Metaspace       used 7580K, capacity 7804K, committed 8064K, reserved 1056768K
  class space    used 957K, capacity 1052K, committed 1152K, reserved 1048576K
Event: 1.238 GC heap after
Heap after GC invocations=1 (full 0):
 PSYoungGen      total 76288K, used 6138K [0x00000000f5580000, 0x00000000faa80000, 0x0000000100000000)
  eden space 65536K, 0% used [0x00000000f5580000,0x00000000f5580000,0x00000000f9580000)
  from space 10752K, 57% used [0x00000000f9580000,0x00000000f9b7e808,0x00000000fa000000)
  to   space 10752K, 0% used [0x00000000fa000000,0x00000000fa000000,0x00000000faa80000)
 ParOldGen       total 175104K, used 16K [0x00000000e0000000, 0x00000000eab00000, 0x00000000f5580000)
  object space 175104K, 0% used [0x00000000e0000000,0x00000000e0004000,0x00000000eab00000)
 Metaspace       used 7580K, capacity 7804K, committed 8064K, reserved 1056768K
  class space    used 957K, capacity 1052K, committed 1152K, reserved 1048576K
}
Event: 2.535 GC heap before
{Heap before GC invocations=2 (full 0):
 PSYoungGen      total 76288K, used 71674K [0x00000000f5580000, 0x00000000faa80000, 0x0000000100000000)
  eden space 65536K, 100% used [0x00000000f5580000,0x00000000f9580000,0x00000000f9580000)
  from space 10752K, 57% used [0x00000000f9580000,0x00000000f9b7e808,0x00000000fa000000)
  to   space 10752K, 0% used [0x00000000fa000000,0x00000000fa000000,0x00000000faa80000)
 ParOldGen       total 175104K, used 16K [0x00000000e0000000, 0x00000000eab00000, 0x00000000f5580000)
  object space 175104K, 0% used [0x00000000e0000000,0x00000000e0004000,0x00000000eab00000)
 Metaspace       used 12876K, capacity 13280K, committed 13440K, reserved 1060864K
  class space    used 1745K, capacity 1860K, committed 1920K, reserved 1048576K
Event: 2.548 GC heap after
Heap after GC invocations=2 (full 0):
 PSYoungGen      total 76288K, used 8020K [0x00000000f5580000, 0x00000000faa80000, 0x0000000100000000)
  eden space 65536K, 0% used [0x00000000f5580000,0x00000000f5580000,0x00000000f9580000)
  from space 10752K, 74% used [0x00000000fa000000,0x00000000fa7d51e8,0x00000000faa80000)
  to   space 10752K, 0% used [0x00000000f9580000,0x00000000f9580000,0x00000000fa000000)
 ParOldGen       total 175104K, used 24K [0x00000000e0000000, 0x00000000eab00000, 0x00000000f5580000)
  object space 175104K, 0% used [0x00000000e0000000,0x00000000e0006000,0x00000000eab00000)
 Metaspace       used 12876K, capacity 13280K, committed 13440K, reserved 1060864K
  class space    used 1745K, capacity 1860K, committed 1920K, reserved 1048576K
}
Event: 3.165 GC heap before
{Heap before GC invocations=3 (full 0):
 PSYoungGen      total 76288K, used 73556K [0x00000000f5580000, 0x00000000faa80000, 0x0000000100000000)
  eden space 65536K, 100% used [0x00000000f5580000,0x00000000f9580000,0x00000000f9580000)
  from space 10752K, 74% used [0x00000000fa000000,0x00000000fa7d51e8,0x00000000faa80000)
  to   space 10752K, 0% used [0x00000000f9580000,0x00000000f9580000,0x00000000fa000000)
 ParOldGen       total 175104K, used 24K [0x00000000e0000000, 0x00000000eab00000, 0x00000000f5580000)
  object space 175104K, 0% used [0x00000000e0000000,0x00000000e0006000,0x00000000eab00000)
 Metaspace       used 17656K, capacity 18450K, committed 18688K, reserved 1064960K
  class space    used 2508K, capacity 2717K, committed 2816K, reserved 1048576K
Event: 3.174 GC heap after
Heap after GC invocations=3 (full 0):
 PSYoungGen      total 76288K, used 10489K [0x00000000f5580000, 0x00000000faa80000, 0x0000000100000000)
  eden space 65536K, 0% used [0x00000000f5580000,0x00000000f5580000,0x00000000f9580000)
  from space 10752K, 97% used [0x00000000f9580000,0x00000000f9fbe5f8,0x00000000fa000000)
  to   space 10752K, 0% used [0x00000000fa000000,0x00000000fa000000,0x00000000faa80000)
 ParOldGen       total 175104K, used 32K [0x00000000e0000000, 0x00000000eab00000, 0x00000000f5580000)
  object space 175104K, 0% used [0x00000000e0000000,0x00000000e0008000,0x00000000eab00000)
 Metaspace       used 17656K, capacity 18450K, committed 18688K, reserved 1064960K
  class space    used 2508K, capacity 2717K, committed 2816K, reserved 1048576K
}
Event: 3.575 GC heap before
{Heap before GC invocations=4 (full 0):
 PSYoungGen      total 76288K, used 70115K [0x00000000f5580000, 0x00000000faa80000, 0x0000000100000000)
  eden space 65536K, 90% used [0x00000000f5580000,0x00000000f8fba880,0x00000000f9580000)
  from space 10752K, 97% used [0x00000000f9580000,0x00000000f9fbe5f8,0x00000000fa000000)
  to   space 10752K, 0% used [0x00000000fa000000,0x00000000fa000000,0x00000000faa80000)
 ParOldGen       total 175104K, used 32K [0x00000000e0000000, 0x00000000eab00000, 0x00000000f5580000)
  object space 175104K, 0% used [0x00000000e0000000,0x00000000e0008000,0x00000000eab00000)
 Metaspace       used 20365K, capacity 21250K, committed 21296K, reserved 1067008K
  class space    used 2980K, capacity 3181K, committed 3200K, reserved 1048576K
Event: 3.581 GC heap after
Heap after GC invocations=4 (full 0):
 PSYoungGen      total 76288K, used 10398K [0x00000000f5580000, 0x00000000fea80000, 0x0000000100000000)
  eden space 65536K, 0% used [0x00000000f5580000,0x00000000f5580000,0x00000000f9580000)
  from space 10752K, 96% used [0x00000000fa000000,0x00000000faa278b0,0x00000000faa80000)
  to   space 10752K, 0% used [0x00000000f9580000,0x00000000f9580000,0x00000000fa000000)
 ParOldGen       total 175104K, used 40K [0x00000000e0000000, 0x00000000eab00000, 0x00000000f5580000)
  object space 175104K, 0% used [0x00000000e0000000,0x00000000e000a000,0x00000000eab00000)
 Metaspace       used 20365K, capacity 21250K, committed 21296K, reserved 1067008K
  class space    used 2980K, capacity 3181K, committed 3200K, reserved 1048576K
}
Event: 3.582 GC heap before
{Heap before GC invocations=5 (full 1):
 PSYoungGen      total 76288K, used 10398K [0x00000000f5580000, 0x00000000fea80000, 0x0000000100000000)
  eden space 65536K, 0% used [0x00000000f5580000,0x00000000f5580000,0x00000000f9580000)
  from space 10752K, 96% used [0x00000000fa000000,0x00000000faa278b0,0x00000000faa80000)
  to   space 10752K, 0% used [0x00000000f9580000,0x00000000f9580000,0x00000000fa000000)
 ParOldGen       total 175104K, used 40K [0x00000000e0000000, 0x00000000eab00000, 0x00000000f5580000)
  object space 175104K, 0% used [0x00000000e0000000,0x00000000e000a000,0x00000000eab00000)
 Metaspace       used 20365K, capacity 21250K, committed 21296K, reserved 1067008K
  class space    used 2980K, capacity 3181K, committed 3200K, reserved 1048576K
Event: 3.608 GC heap after
Heap after GC invocations=5 (full 1):
 PSYoungGen      total 76288K, used 0K [0x00000000f5580000, 0x00000000fea80000, 0x0000000100000000)
  eden space 65536K, 0% used [0x00000000f5580000,0x00000000f5580000,0x00000000f9580000)
  from space 10752K, 0% used [0x00000000fa000000,0x00000000fa000000,0x00000000faa80000)
  to   space 10752K, 0% used [0x00000000f9580000,0x00000000f9580000,0x00000000fa000000)
 ParOldGen       total 175104K, used 10050K [0x00000000e0000000, 0x00000000eab00000, 0x00000000f5580000)
  object space 175104K, 5% used [0x00000000e0000000,0x00000000e09d0880,0x00000000eab00000)
 Metaspace       used 20365K, capacity 21250K, committed 21296K, reserved 1067008K
  class space    used 2980K, capacity 3181K, committed 3200K, reserved 1048576K
}

Deoptimization events (10 events):
Event: 3.251 Thread 0x000000001946e800 Uncommon trap: reason=predicate action=maybe_recompile pc=0x0000000002d4aaec method=java.util.AbstractCollection.toArray([Ljava/lang/Object;)[Ljava/lang/Object; @ 49
Event: 3.275 Thread 0x000000001946e800 Uncommon trap: reason=array_check action=maybe_recompile pc=0x0000000002da00c8 method=java.util.AbstractCollection.toArray([Ljava/lang/Object;)[Ljava/lang/Object; @ 119
Event: 3.306 Thread 0x000000001946e800 Uncommon trap: reason=array_check action=maybe_recompile pc=0x0000000002da00c8 method=java.util.AbstractCollection.toArray([Ljava/lang/Object;)[Ljava/lang/Object; @ 119
Event: 3.306 Thread 0x000000001946e800 Uncommon trap: reason=array_check action=maybe_recompile pc=0x0000000002da00c8 method=java.util.AbstractCollection.toArray([Ljava/lang/Object;)[Ljava/lang/Object; @ 119
Event: 3.307 Thread 0x000000001946e800 Uncommon trap: reason=array_check action=maybe_recompile pc=0x0000000002da00c8 method=java.util.AbstractCollection.toArray([Ljava/lang/Object;)[Ljava/lang/Object; @ 119
Event: 3.537 Thread 0x000000001946e800 Uncommon trap: reason=unstable_if action=reinterpret pc=0x0000000002b80f88 method=java.net.URI.match(CJJ)Z @ 19
Event: 3.537 Thread 0x000000001946e800 Uncommon trap: reason=unstable_if action=reinterpret pc=0x0000000002a54b78 method=java.net.URI.match(CJJ)Z @ 19
Event: 3.537 Thread 0x000000001946e800 Uncommon trap: reason=unstable_if action=reinterpret pc=0x000000000294dac8 method=java.net.URI.match(CJJ)Z @ 19
Event: 3.626 Thread 0x000000001946e800 Uncommon trap: reason=unstable_if action=reinterpret pc=0x0000000002c9493c method=java.util.HashMap.hash(Ljava/lang/Object;)I @ 1
Event: 3.778 Thread 0x000000001946e800 Uncommon trap: reason=predicate action=maybe_recompile pc=0x0000000002e44d58 method=com.google.common.base.CharMatcher.indexIn(Ljava/lang/CharSequence;I)I @ 22

Classes redefined (0 events):
No events

Internal exceptions (10 events):
Event: 2.415 Thread 0x0000000002672800 Exception <a 'java/io/IOException'> (0x00000000f8d29178) thrown at [C:\jenkins\workspace\8-2-build-windows-amd64-cygwin\jdk8u251\737\hotspot\src\share\vm\prims\jni.cpp, line 710]
Event: 2.672 Thread 0x000000001946e800 Exception <a 'java/lang/NoSuchMethodError': java.lang.Object.lambda$static$0(Lorg/gradle/internal/state/ModelObject;)Ljava/lang/String;> (0x00000000f5ccd5e8) thrown at [C:\jenkins\workspace\8-2-build-windows-amd64-cygwin\jdk8u251\737\hotspot\src\share\vm\
Event: 2.767 Thread 0x000000001946e800 Exception <a 'java/lang/NoSuchMethodError': java.lang.Object.lambda$static$0(Lorg/objectweb/asm/MethodVisitor;)V> (0x00000000f67abf98) thrown at [C:\jenkins\workspace\8-2-build-windows-amd64-cygwin\jdk8u251\737\hotspot\src\share\vm\interpreter\linkResolve
Event: 3.283 Thread 0x000000001946e800 Exception <a 'java/lang/NoSuchMethodError': java.lang.Object.lambda$and$0(Ljava/util/function/Predicate;Ljava/lang/Object;)Z> (0x00000000f63559f8) thrown at [C:\jenkins\workspace\8-2-build-windows-amd64-cygwin\jdk8u251\737\hotspot\src\share\vm\interpreter
Event: 3.284 Thread 0x000000001946e800 Exception <a 'java/lang/IncompatibleClassChangeError': Found class java.lang.Object, but interface was expected> (0x00000000f6365990) thrown at [C:\jenkins\workspace\8-2-build-windows-amd64-cygwin\jdk8u251\737\hotspot\src\share\vm\interpreter\linkResolver
Event: 3.285 Thread 0x000000001946e800 Exception <a 'java/lang/NoSuchMethodError': java.lang.Object.lambda$or$2(Ljava/util/function/Predicate;Ljava/lang/Object;)Z> (0x00000000f636e0d0) thrown at [C:\jenkins\workspace\8-2-build-windows-amd64-cygwin\jdk8u251\737\hotspot\src\share\vm\interpreter\
Event: 3.306 Thread 0x000000001946e800 Exception <a 'java/lang/NoSuchMethodError': java.lang.Object.lambda$comparing$77a9974f$1(Ljava/util/function/Function;Ljava/lang/Object;Ljava/lang/Object;)I> (0x00000000f64ac618) thrown at [C:\jenkins\workspace\8-2-build-windows-amd64-cygwin\jdk8u251\737\
Event: 3.626 Thread 0x000000001946e800 Implicit null exception at 0x0000000002c9439b to 0x0000000002c94929
Event: 3.704 Thread 0x000000001946e800 Exception <a 'java/lang/NoSuchMethodError': java.lang.Object.lambda$static$0(Ljava/util/Collection;)V> (0x00000000f625efa8) thrown at [C:\jenkins\workspace\8-2-build-windows-amd64-cygwin\jdk8u251\737\hotspot\src\share\vm\interpreter\linkResolver.cpp, line
Event: 3.802 Thread 0x000000001946e800 Exception <a 'java/lang/NoSuchMethodError': java.lang.Object.lambda$static$0(Ljava/io/File;)V> (0x00000000f6c41730) thrown at [C:\jenkins\workspace\8-2-build-windows-amd64-cygwin\jdk8u251\737\hotspot\src\share\vm\interpreter\linkResolver.cpp, line 620]

Events (10 events):
Event: 3.859 loading class kotlin/text/StringsKt__StringsKt
Event: 3.859 loading class kotlin/text/StringsKt__StringsKt done
Event: 3.861 loading class kotlin/text/StringsKt__StringsJVMKt
Event: 3.861 loading class kotlin/text/StringsKt__StringsJVMKt done
Event: 3.863 loading class kotlin/text/StringsKt__StringNumberConversionsKt
Event: 3.863 loading class kotlin/text/StringsKt__StringNumberConversionsKt done
Event: 3.864 loading class kotlin/text/StringsKt__StringNumberConversionsJVMKt
Event: 3.864 loading class kotlin/text/StringsKt__StringNumberConversionsJVMKt done
Event: 3.865 loading class kotlin/text/StringsKt__StringBuilderKt
Event: 3.865 loading class kotlin/text/StringsKt__StringBuilderKt done


Dynamic libraries:
0x00007ff749520000 - 0x00007ff749557000 	C:\Program Files\Java\jdk1.8.0_251\bin\java.exe
0x00007ff9dadf0000 - 0x00007ff9dafe8000 	C:\Windows\SYSTEM32\ntdll.dll
0x00007ff9d91a0000 - 0x00007ff9d925f000 	C:\Windows\System32\KERNEL32.DLL
0x00007ff9d87b0000 - 0x00007ff9d8aa6000 	C:\Windows\System32\KERNELBASE.dll
0x00007ff9d9260000 - 0x00007ff9d930f000 	C:\Windows\System32\ADVAPI32.dll
0x00007ff9d97e0000 - 0x00007ff9d987e000 	C:\Windows\System32\msvcrt.dll
0x00007ff9daa70000 - 0x00007ff9dab0c000 	C:\Windows\System32\sechost.dll
0x00007ff9dab10000 - 0x00007ff9dac36000 	C:\Windows\System32\RPCRT4.dll
0x00007ff9da030000 - 0x00007ff9da1cd000 	C:\Windows\System32\USER32.dll
0x00007ff9d8c70000 - 0x00007ff9d8c92000 	C:\Windows\System32\win32u.dll
0x00007ff9da000000 - 0x00007ff9da02c000 	C:\Windows\System32\GDI32.dll
0x00007ff9d8ab0000 - 0x00007ff9d8bc5000 	C:\Windows\System32\gdi32full.dll
0x00007ff9d8bd0000 - 0x00007ff9d8c6d000 	C:\Windows\System32\msvcp_win.dll
0x00007ff9d86b0000 - 0x00007ff9d87b0000 	C:\Windows\System32\ucrtbase.dll
0x00007ff9c5b00000 - 0x00007ff9c5d9a000 	C:\Windows\WinSxS\amd64_microsoft.windows.common-controls_6595b64144ccf1df_6.0.19041.1110_none_60b5254171f9507e\COMCTL32.dll
0x00007ff9d9ac0000 - 0x00007ff9d9af0000 	C:\Windows\System32\IMM32.DLL
0x000000005de50000 - 0x000000005df22000 	C:\Program Files\Java\jdk1.8.0_251\jre\bin\msvcr100.dll
0x000000005c370000 - 0x000000005cc1b000 	C:\Program Files\Java\jdk1.8.0_251\jre\bin\server\jvm.dll
0x00007ff9d9fe0000 - 0x00007ff9d9fe8000 	C:\Windows\System32\PSAPI.DLL
0x00007ff9cd630000 - 0x00007ff9cd657000 	C:\Windows\SYSTEM32\WINMM.dll
0x00007ff9d04c0000 - 0x00007ff9d04ca000 	C:\Windows\SYSTEM32\VERSION.dll
0x00007ff9a9150000 - 0x00007ff9a9159000 	C:\Windows\SYSTEM32\WSOCK32.dll
0x00007ff9d9d40000 - 0x00007ff9d9dab000 	C:\Windows\System32\WS2_32.dll
0x00007ff9d27a0000 - 0x00007ff9d27af000 	C:\Program Files\Java\jdk1.8.0_251\jre\bin\verify.dll
0x00007ff9d2770000 - 0x00007ff9d2799000 	C:\Program Files\Java\jdk1.8.0_251\jre\bin\java.dll
0x00007ff9d2740000 - 0x00007ff9d2763000 	C:\Program Files\Java\jdk1.8.0_251\jre\bin\instrument.dll
0x00007ff9d2720000 - 0x00007ff9d2736000 	C:\Program Files\Java\jdk1.8.0_251\jre\bin\zip.dll
0x00007ff9da1d0000 - 0x00007ff9da914000 	C:\Windows\System32\SHELL32.dll
0x00007ff9d6260000 - 0x00007ff9d69f4000 	C:\Windows\SYSTEM32\windows.storage.dll
0x00007ff9d8e20000 - 0x00007ff9d9174000 	C:\Windows\System32\combase.dll
0x00007ff9d7ee0000 - 0x00007ff9d7f0e000 	C:\Windows\SYSTEM32\Wldp.dll
0x00007ff9d98e0000 - 0x00007ff9d998d000 	C:\Windows\System32\SHCORE.dll
0x00007ff9dad20000 - 0x00007ff9dad75000 	C:\Windows\System32\shlwapi.dll
0x00007ff9d83d0000 - 0x00007ff9d83f5000 	C:\Windows\SYSTEM32\profapi.dll
0x00007ff9d0b20000 - 0x00007ff9d0b3a000 	C:\Program Files\Java\jdk1.8.0_251\jre\bin\net.dll
0x00007ff9d7c40000 - 0x00007ff9d7caa000 	C:\Windows\system32\mswsock.dll
0x00007ff9d0b00000 - 0x00007ff9d0b12000 	C:\Program Files\Java\jdk1.8.0_251\jre\bin\nio.dll
0x00007ff9d27e0000 - 0x00007ff9d2807000 	C:\Users\USER\.gradle\native\68d5fa5c4cc2d200863cafc0d521ce42e7d3e7ee720ec0a83991735586a16f82\windows-amd64\native-platform.dll
0x00007ff98a540000 - 0x00007ff98a684000 	C:\Users\USER\.gradle\native\e376f236ea51e6404a007f0833ffe2c6e607c4080706a723a18a27aeea778392\windows-amd64\native-platform-file-events.dll
0x00007ff9d2710000 - 0x00007ff9d271d000 	C:\Program Files\Java\jdk1.8.0_251\jre\bin\management.dll
0x00007ff9d7e40000 - 0x00007ff9d7e58000 	C:\Windows\SYSTEM32\CRYPTSP.dll
0x00007ff9d74f0000 - 0x00007ff9d7524000 	C:\Windows\system32\rsaenh.dll
0x00007ff9d8df0000 - 0x00007ff9d8e17000 	C:\Windows\System32\bcrypt.dll
0x00007ff9d8350000 - 0x00007ff9d837e000 	C:\Windows\SYSTEM32\USERENV.dll
0x00007ff9d8cf0000 - 0x00007ff9d8d72000 	C:\Windows\System32\bcryptprimitives.dll
0x00007ff9d7e30000 - 0x00007ff9d7e3c000 	C:\Windows\SYSTEM32\CRYPTBASE.dll
0x00007ff9d78e0000 - 0x00007ff9d791c000 	C:\Windows\SYSTEM32\IPHLPAPI.DLL
0x00007ff9d9d30000 - 0x00007ff9d9d38000 	C:\Windows\System32\NSI.dll
0x00007ff9d0320000 - 0x00007ff9d0337000 	C:\Windows\SYSTEM32\dhcpcsvc6.DLL
0x00007ff9d0510000 - 0x00007ff9d052d000 	C:\Windows\SYSTEM32\dhcpcsvc.DLL
0x00007ff9d7930000 - 0x00007ff9d79fa000 	C:\Windows\SYSTEM32\DNSAPI.dll

VM Arguments:
jvm_args: -XX:MaxMetaspaceSize=384m -XX:+HeapDumpOnOutOfMemoryError -Xms256m -Xmx512m -Dfile.encoding=windows-1252 -Duser.country=US -Duser.language=en -Duser.variant -javaagent:C:\Users\USER\.gradle\wrapper\dists\gradle-8.2.1-bin\5hap6b9n41hkg4jeh2au2pllh\gradle-8.2.1\lib\agents\gradle-instrumentation-agent-8.2.1.jar 
java_command: org.gradle.launcher.daemon.bootstrap.GradleDaemon 8.2.1
java_class_path (initial): C:\Users\USER\.gradle\wrapper\dists\gradle-8.2.1-bin\5hap6b9n41hkg4jeh2au2pllh\gradle-8.2.1\lib\gradle-launcher-8.2.1.jar;C:\Users\USER\.gradle\wrapper\dists\gradle-8.2.1-bin\5hap6b9n41hkg4jeh2au2pllh\gradle-8.2.1\lib\agents\gradle-instrumentation-agent-8.2.1.jar
Launcher Type: SUN_STANDARD

Environment Variables:
PATH=C:\Python311\Scripts\;C:\Python311\;C:\Program Files (x86)\Common Files\Oracle\Java\javapath;C:\Windows\system32;C:\Windows;C:\Windows\System32\Wbem;C:\Windows\System32\WindowsPowerShell\v1.0\;C:\Windows\System32\OpenSSH\;C:\Program Files (x86)\NVIDIA Corporation\PhysX\Common;C:\Program Files\NVIDIA Corporation\NVIDIA NvDLISR;C:\Program Files\Microsoft SQL Server\120\Tools\Binn\;C:\Program Files (x86)\dotnet\;C:\Program Files\Git\cmd;C:\Program Files\nodejs\;C:\ProgramData\chocolatey\bin;C:\Users\USER\AppData\Local\Microsoft\WindowsApps;C:\MinGW\bin;C:\Program Files\nodejs;C:\Users\USER\AppData\Local\GitHubDesktop\bin;C:\Users\USER\AppData\Roaming\npm;C:\Users\USER\AppData\Local\Programs\Microsoft VS Code\bin
USERNAME=USER
OS=Windows_NT
PROCESSOR_IDENTIFIER=AMD64 Family 23 Model 96 Stepping 1, AuthenticAMD



---------------  S Y S T E M  ---------------

OS: Windows 10.0 , 64 bit Build 19041 (10.0.19041.3155)

CPU:total 12 (initial active 12) (12 cores per cpu, 1 threads per core) family 23 model 96 stepping 1, cmov, cx8, fxsr, mmx, sse, sse2, sse3, ssse3, sse4.1, sse4.2, popcnt, avx, avx2, aes, clmul, mmxext, 3dnowpref, lzcnt, sse4a, tsc, tscinvbit, tscinv, bmi1

Memory: 4k page, physical 7730500k(818648k free), swap 21729460k(3384k free)

vm_info: Java HotSpot(TM) 64-Bit Server VM (25.251-b08) for windows-amd64 JRE (1.8.0_251-b08), built on Mar 12 2020 06:31:49 by "" with MS VC++ 10.0 (VS2010)

time: Wed Aug 02 16:57:56 2023
timezone: SE Asia Standard Time
elapsed time: 3 seconds (0d 0h 0m 3s)

